<?xml version="1.0" encoding="UTF-8"?>
<testsuite xmlns:xsi="http://www.w3.org/2001/XMLSchema-instance" xsi:noNamespaceSchemaLocation="https://maven.apache.org/surefire/maven-surefire-plugin/xsd/surefire-test-report.xsd" name="DoublyLinkedListDequeTest" time="0.031" tests="12" errors="0" skipped="0" failures="0">
  <properties>
[...]
</properties>
  <testcase name="prependShouldAddElementAtBeginning" classname="DoublyLinkedListDequeTest$WhenIsNotEmpty" time="0"/>
  <testcase name="appendShouldAddElementAtEnd" classname="DoublyLinkedListDequeTest$WhenIsNotEmpty" time="0"/>
  <testcase name="lastShouldReturnLastElement" classname="DoublyLinkedListDequeTest$WhenIsNotEmpty" time="0"/>
  <testcase name="deleteFirstShouldRemoveFirstElement" classname="DoublyLinkedListDequeTest$WhenIsNotEmpty" time="0"/>
  <testcase name="sizeShouldBeGreaterThanZero" classname="DoublyLinkedListDequeTest$WhenIsNotEmpty" time="0.011"/>
  <testcase name="deleteLastShouldRemoveLastElement" classname="DoublyLinkedListDequeTest$WhenIsNotEmpty" time="0.001"/>
  <testcase name="firstShouldReturnFirstElement" classname="DoublyLinkedListDequeTest$WhenIsNotEmpty" time="0.001"/>
  <testcase name="sizeShouldBeZero" classname="DoublyLinkedListDequeTest$WhenIsEmpty" time="0"/>
  <testcase name="lastElementShouldThrowException" classname="DoublyLinkedListDequeTest$WhenIsEmpty" time="0.002"/>
  <testcase name="deleteFirstShouldThrowException" classname="DoublyLinkedListDequeTest$WhenIsEmpty" time="0.001"/>
  <testcase name="firstElementShouldThrowException" classname="DoublyLinkedListDequeTest$WhenIsEmpty" time="0.001"/>
  <testcase name="deleteLastShouldThrowException" classname="DoublyLinkedListDequeTest$WhenIsEmpty" time="0.002"/>
</testsuite>