<?xml version="1.0" encoding="UTF-8"?>
<testsuite xmlns:xsi="http://www.w3.org/2001/XMLSchema-instance" xsi:noNamespaceSchemaLocation="https://maven.apache.org/surefire/maven-surefire-plugin/xsd/surefire-test-report.xsd" name="org.mps.deque.DequeNodeTest" time="0.072" tests="16" errors="0" skipped="0" failures="0">
  <properties>
[...]
</properties>
  <testcase name="nodeThatIsFirstOrLastWillBeTerminalNode" classname="org.mps.deque.DequeNodeTest$checkNodes$isNotTerminalNode" time="0.03"/>
  <testcase name="nodeThatIsNotFirstOrFinalWillReturnTrue" classname="org.mps.deque.DequeNodeTest$checkNodes$isNotTerminalNode" time="0.001"/>
  <testcase name="isLastNodeShouldReturnTrueIfItsLast" classname="org.mps.deque.DequeNodeTest$checkNodes$isLastNode" time="0"/>
  <testcase name="isLastNodeIfYouArentLastNodeShouldReturnFalse" classname="org.mps.deque.DequeNodeTest$checkNodes$isLastNode" time="0"/>
  <testcase name="isFirstNodeIfYouArentFirstNodeShouldReturnFalse" classname="org.mps.deque.DequeNodeTest$checkNodes$isFirstNode" time="0.002"/>
  <testcase name="isFirstNodeShouldReturnTrueIfItsFirst" classname="org.mps.deque.DequeNodeTest$checkNodes$isFirstNode" time="0.001"/>
  <testcase name="setNextShouldWorkProperly" classname="org.mps.deque.DequeNodeTest$setters" time="0.004"/>
  <testcase name="setItemSetsTheItemCorrectly" classname="org.mps.deque.DequeNodeTest$setters" time="0"/>
  <testcase name="setPreviousShouldWorkProperly" classname="org.mps.deque.DequeNodeTest$setters" time="0.001"/>
  <testcase name="getItemReturnsItemCorrectly" classname="org.mps.deque.DequeNodeTest$getters" time="0.001"/>
  <testcase name="nextNodeOfFirstNode" classname="org.mps.deque.DequeNodeTest$getters$nextNode" time="0"/>
  <testcase name="nextNodeOfLastNodeShouldReturnNull" classname="org.mps.deque.DequeNodeTest$getters$nextNode" time="0.001"/>
  <testcase name="nextNodeOfMiddleNodeShouldReturnCorrectly" classname="org.mps.deque.DequeNodeTest$getters$nextNode" time="0"/>
  <testcase name="previousOfLastNodeShouldReturnCorrectly" classname="org.mps.deque.DequeNodeTest$getters$previousNode" time="0.001"/>
  <testcase name="previousOfFirstNodeShouldReturnNull" classname="org.mps.deque.DequeNodeTest$getters$previousNode" time="0"/>
  <testcase name="previousOfMiddleNodeShouldReturnCorrectly" classname="org.mps.deque.DequeNodeTest$getters$previousNode" time="0.001"/>
</testsuite>