<?xml version="1.0" encoding="UTF-8"?>
<testsuite xmlns:xsi="http://www.w3.org/2001/XMLSchema-instance" xsi:noNamespaceSchemaLocation="https://maven.apache.org/surefire/maven-surefire-plugin/xsd/surefire-test-report.xsd" name="org.mps.deque.DoublyLinkedListDequeTest" time="0.052" tests="33" errors="0" skipped="0" failures="0">
  <properties>
[...]
</properties>
  <testcase name="sizeShouldBeGreaterThanZero" classname="org.mps.deque.DoublyLinkedListDequeTest$WhenIsNotEmpty" time="0.002"/>
  <testcase name="sortListInReverseOrder" classname="org.mps.deque.DoublyLinkedListDequeTest$WhenIsNotEmpty$sort" time="0.001"/>
  <testcase name="sortListInNaturalOrder" classname="org.mps.deque.DoublyLinkedListDequeTest$WhenIsNotEmpty$sort" time="0.001"/>
  <testcase name="sortListWithOneElement" classname="org.mps.deque.DoublyLinkedListDequeTest$WhenIsNotEmpty$sort" time="0.001"/>
  <testcase name="removeLastElement" classname="org.mps.deque.DoublyLinkedListDequeTest$WhenIsNotEmpty$remove" time="0.003"/>
  <testcase name="removeElementInTheMiddleOfADequeOfThree" classname="org.mps.deque.DoublyLinkedListDequeTest$WhenIsNotEmpty$remove" time="0"/>
  <testcase name="removeFirstElementR" classname="org.mps.deque.DoublyLinkedListDequeTest$WhenIsNotEmpty$remove" time="0.003"/>
  <testcase name="removeFirstOccurrenceOfAnElement" classname="org.mps.deque.DoublyLinkedListDequeTest$WhenIsNotEmpty$remove" time="0"/>
  <testcase name="testContainsValue" classname="org.mps.deque.DoublyLinkedListDequeTest$WhenIsNotEmpty$contains" time="0"/>
  <testcase name="testContainsValueNotContained" classname="org.mps.deque.DoublyLinkedListDequeTest$WhenIsNotEmpty$contains" time="0"/>
  <testcase name="testGetIndexOutOfRange" classname="org.mps.deque.DoublyLinkedListDequeTest$WhenIsNotEmpty$get" time="0.003"/>
  <testcase name="getFirstElementReturnsFirstElement" classname="org.mps.deque.DoublyLinkedListDequeTest$WhenIsNotEmpty$get" time="0"/>
  <testcase name="getAnyElementInTheMiddleReturnsFirstElement" classname="org.mps.deque.DoublyLinkedListDequeTest$WhenIsNotEmpty$get" time="0"/>
  <testcase name="getLastElementReturnsFirstElement" classname="org.mps.deque.DoublyLinkedListDequeTest$WhenIsNotEmpty$get" time="0"/>
  <testcase name="prependShouldAddElementAtBeginning" classname="org.mps.deque.DoublyLinkedListDequeTest$WhenIsNotEmpty$prependAppend" time="0"/>
  <testcase name="appendShouldAddElementAtEnd" classname="org.mps.deque.DoublyLinkedListDequeTest$WhenIsNotEmpty$prependAppend" time="0.001"/>
  <testcase name="deleteFirstShouldRemoveFirstElement" classname="org.mps.deque.DoublyLinkedListDequeTest$WhenIsNotEmpty$delete" time="0"/>
  <testcase name="deleteLastShouldRemoveLastElement" classname="org.mps.deque.DoublyLinkedListDequeTest$WhenIsNotEmpty$delete" time="0.001"/>
  <testcase name="deleteLastElementByDeleteLast" classname="org.mps.deque.DoublyLinkedListDequeTest$WhenIsNotEmpty$delete" time="0.002"/>
  <testcase name="deleteLastElementByDeleteFirst" classname="org.mps.deque.DoublyLinkedListDequeTest$WhenIsNotEmpty$delete" time="0"/>
  <testcase name="lastShouldReturnLastElement" classname="org.mps.deque.DoublyLinkedListDequeTest$WhenIsNotEmpty$positions" time="0"/>
  <testcase name="firstShouldReturnFirstElement" classname="org.mps.deque.DoublyLinkedListDequeTest$WhenIsNotEmpty$positions" time="0"/>
  <testcase name="sizeShouldBeZero" classname="org.mps.deque.DoublyLinkedListDequeTest$WhenIsEmpty" time="0"/>
  <testcase name="removeInEmptyList" classname="org.mps.deque.DoublyLinkedListDequeTest$WhenIsEmpty" time="0"/>
  <testcase name="containsInEmptyListAlwaysIsFalse" classname="org.mps.deque.DoublyLinkedListDequeTest$WhenIsEmpty" time="0"/>
  <testcase name="getPositionShouldThrowException" classname="org.mps.deque.DoublyLinkedListDequeTest$WhenIsEmpty" time="0.001"/>
  <testcase name="sortShouldThrowException" classname="org.mps.deque.DoublyLinkedListDequeTest$WhenIsEmpty" time="0.001"/>
  <testcase name="insertFirstUsingPrepend" classname="org.mps.deque.DoublyLinkedListDequeTest$WhenIsEmpty$addElementsInEmptyList" time="0.001"/>
  <testcase name="insertFirstUsingAppend" classname="org.mps.deque.DoublyLinkedListDequeTest$WhenIsEmpty$addElementsInEmptyList" time="0"/>
  <testcase name="lastElementShouldThrowException" classname="org.mps.deque.DoublyLinkedListDequeTest$WhenIsEmpty$positionsEmpty" time="0.001"/>
  <testcase name="firstElementShouldThrowException" classname="org.mps.deque.DoublyLinkedListDequeTest$WhenIsEmpty$positionsEmpty" time="0.001"/>
  <testcase name="deleteFirstShouldThrowException" classname="org.mps.deque.DoublyLinkedListDequeTest$WhenIsEmpty$deleteEmpty" time="0.001"/>
  <testcase name="deleteLastShouldThrowException" classname="org.mps.deque.DoublyLinkedListDequeTest$WhenIsEmpty$deleteEmpty" time="0"/>
</testsuite>